Start testing: May 05 08:55 MDT
----------------------------------------------------------
1/3 Testing: EncryptionTest
1/3 Test: EncryptionTest
Command: "/home/dolla/TinyWebC/tinyweb_tests" "encryption"
Directory: /home/dolla/TinyWebC
"EncryptionTest" start time: May 05 08:55 MDT
Output:
----------------------------------------------------------
Plaintext size (3048 bytes) exceeds maximum allowed size (2048 bytes)
Running encryption test...
Starting Encryption Test
Ed25519 private key generated and saved
Sender's Ed25519 public key (for signing and identity):
  Public key: d41b21b05699944aca2be77f293c710d529b3a2477709a347d2f5716735a644a
Sender's X25519 public key (for encryption):
  Encryption public key: 6012f5a05689fadfb5fd0e4ea5847bd53b7456bfa6e66eea26814166bc24a95d
Ed25519 private key loaded
Message length: 38 bytes
Recipient 0 (Sender):
  X25519 Public key: 6012f5a05689fadfb5fd0e4ea5847bd53b7456bfa6e66eea26814166bc24a95d
Recipient 1:
  Public key: 1a2a3a0c5de6e780bd6c3dbcccf234696d804377b4f63aebed48897ff00b9115
  Private key: 9a9af38168a2e24b00e886426c8363e1338b3d3a0bc1b981ed3a7575259a19ce
Recipient 2:
  Public key: cd72a2dd7a9ccec87b745740bd90f315e538f74b267e72bc92b32c9805a4e14e
  Private key: 1bef2e4d43609851fb97d898d073e2be510bcb138bba88104e6ce8a06e517b1d
Recipient 3:
  Public key: 0605bfb8e5bc939ee464d26cd1d7005279f5bc1e4454da5940d46c6cefdf5d57
  Private key: 9f4631b3fb33cc6607ed1efa5a746b66005ea016f3ea701cb708e74967c28649
Multiple recipient encryption succeeded
Ephemeral pubkey: 4d95500486027cea80f21aa8020e1b9d2ba5302048e47f8ef47bd716de070111
Nonce: d275bedd9df76ff363c381660f898fd6b67a50df49e36459
Encrypted key 0:
  Key: e87cbd92c4db6432dd945cb1eac2f2854f858744a91230e6953e9dc4478d1dc73f6a053163bc839dd3efd7e82e19bf15
  Nonce: b7a52772ec7a8fef2b7b22a3681aac70a92aff3a147b73ec
Encrypted key 1:
  Key: c350968a636325741a283c7e3766f1115a8a244de865313756b820a38ae19f4d73dffdca0f1f106ee90b500deb8d7af8
  Nonce: f66fdb4023eec3c5c15d7e384b7b3dfb066e509f71a5c4d8
Encrypted key 2:
  Key: 78b4bda2a88ee07c019126485f0839475ab1253f64559c559c9e6949894a951c1a060a8b6541c38f60ec8e3378cd2e48
  Nonce: 4e41743a90f83f158463da2b9bf9647038d1526208f28993
Encrypted key 3:
  Key: ece203b66231a9d6e8c4ac34cd0d7be643c3603aa465b238f5a44988959afa02f0076f3236822c5b5963f21132b752ee
  Nonce: afd9c9480b0e2d3dad8b5eb0fa47d38175aa43e0c343e86d

Decrypting with sender's private key:
Sender decryption verified: This is a test message for encryption
Recipient 1 decryption verified: This is a test message for encryption
Recipient 2 decryption verified: This is a test message for encryption
Recipient 3 decryption verified: This is a test message for encryption

Testing with a message that exceeds the size limit:
SUCCESS: Encryption of oversized message correctly failed
Test completed
<end of output>
Test time =   0.22 sec
----------------------------------------------------------
Test Passed.
"EncryptionTest" end time: May 05 08:55 MDT
"EncryptionTest" time elapsed: 00:00:00
----------------------------------------------------------

2/3 Testing: SigningTest
2/3 Test: SigningTest
Command: "/home/dolla/TinyWebC/tinyweb_tests" "signing"
Directory: /home/dolla/TinyWebC
"SigningTest" start time: May 05 08:55 MDT
Output:
----------------------------------------------------------
Running signing test...
Starting signing tests...
Test 1: Sign message... ✓ Passed
Test 2: Verify signature... ✓ Passed
Test 3: Verify tampered message... ✓ Passed (correctly rejected tampered message)

Signing test summary:
Total tests: 3
Passed: 3
Failed: 0
<end of output>
Test time =   0.12 sec
----------------------------------------------------------
Test Passed.
"SigningTest" end time: May 05 08:55 MDT
"SigningTest" time elapsed: 00:00:00
----------------------------------------------------------

3/3 Testing: BlockchainTest
3/3 Test: BlockchainTest
Command: "/home/dolla/TinyWebC/tinyweb_tests" "blockchain"
Directory: /home/dolla/TinyWebC
"BlockchainTest" start time: May 05 08:55 MDT
Output:
----------------------------------------------------------
Unknown test: blockchain
Available tests: encryption, signing
<end of output>
Test time =   0.01 sec
----------------------------------------------------------
Test Failed.
"BlockchainTest" end time: May 05 08:55 MDT
"BlockchainTest" time elapsed: 00:00:00
----------------------------------------------------------

End testing: May 05 08:55 MDT
