Start testing: Jul 04 14:59 UTC
----------------------------------------------------------
Unable to find executable: /home/william/Documents/tinyweb/CTinyWeb/tinyweb_tests
1/5 Testing: EncryptionTest
1/5 Test: EncryptionTest
Command: "" "encryption"
Directory: /workspace
"EncryptionTest" start time: 
Output:
----------------------------------------------------------
<end of output>
Test time =   0.00 sec
----------------------------------------------------------
Test Passed.
"EncryptionTest" end time: Jul 04 14:59 UTC
"EncryptionTest" time elapsed: 00:00:00
----------------------------------------------------------

Unable to find executable: /home/william/Documents/tinyweb/CTinyWeb/tinyweb_tests
2/5 Testing: SigningTest
2/5 Test: SigningTest
Command: "" "signing"
Directory: /workspace
"SigningTest" start time: 
Output:
----------------------------------------------------------
<end of output>
Test time =   0.00 sec
----------------------------------------------------------
Test Passed.
"SigningTest" end time: Jul 04 14:59 UTC
"SigningTest" time elapsed: 00:00:00
----------------------------------------------------------

Unable to find executable: /home/william/Documents/tinyweb/CTinyWeb/tinyweb_tests
3/5 Testing: BlockchainTest
3/5 Test: BlockchainTest
Command: "" "blockchain"
Directory: /workspace
"BlockchainTest" start time: 
Output:
----------------------------------------------------------
<end of output>
Test time =   0.00 sec
----------------------------------------------------------
Test Passed.
"BlockchainTest" end time: Jul 04 14:59 UTC
"BlockchainTest" time elapsed: 00:00:00
----------------------------------------------------------

Unable to find executable: /home/william/Documents/tinyweb/CTinyWeb/tinyweb_tests
4/5 Testing: InitNetworkTest
4/5 Test: InitNetworkTest
Command: "" "init_network"
Directory: /workspace
"InitNetworkTest" start time: 
Output:
----------------------------------------------------------
<end of output>
Test time =   0.00 sec
----------------------------------------------------------
Test Passed.
"InitNetworkTest" end time: Jul 04 14:59 UTC
"InitNetworkTest" time elapsed: 00:00:00
----------------------------------------------------------

Unable to find executable: /home/william/Documents/tinyweb/CTinyWeb/tinyweb_tests
5/5 Testing: MongooseTest
5/5 Test: MongooseTest
Command: "" "mongoose"
Directory: /workspace
"MongooseTest" start time: 
Output:
----------------------------------------------------------
<end of output>
Test time =   0.00 sec
----------------------------------------------------------
Test Passed.
"MongooseTest" end time: Jul 04 14:59 UTC
"MongooseTest" time elapsed: 00:00:00
----------------------------------------------------------

End testing: Jul 04 14:59 UTC
