Start testing: Apr 11 22:50 MDT
----------------------------------------------------------
1/3 Testing: EncryptionTest
1/3 Test: EncryptionTest
Command: "/home/william/Documents/tinyweb/CTinyWeb/tinyweb_tests" "encryption"
Directory: /home/william/Documents/tinyweb/CTinyWeb
"EncryptionTest" start time: Apr 11 22:50 MDT
Output:
----------------------------------------------------------
Plaintext size (3048 bytes) exceeds maximum allowed size (2048 bytes)
Running encryption test...
Starting Encryption Test
Ed25519 private key generated and saved
Sender's Ed25519 public key (for signing and identity):
  Public key: 9c3fa67a0f763e9e15009ba87d4122c44e63d690337036a34b4f0da2db177b51
Sender's X25519 public key (for encryption):
  Encryption public key: 6b4b5330002b6da683588ee2f2a8f976326cc3716033374152987be47d26b440
Ed25519 private key loaded
Message length: 38 bytes
Recipient 0 (Sender):
  X25519 Public key: 6b4b5330002b6da683588ee2f2a8f976326cc3716033374152987be47d26b440
Recipient 1:
  Public key: 0529f28e0aa7d28d336a5e80be0cd73feb941a923f11141bd4ee644e3f2faf79
  Private key: d212b906163ef8a1654e23cf6b70ad77504ef977198ce4728999a8c707afc97f
Recipient 2:
  Public key: 6cc45ac880cf7ae1c8b9a640bd0e491745618610be34cc605c061b28488c6a78
  Private key: db79fcbf80b043c6b04b4d7bfc21c49094dfb496d7b05f8c4216d80c91fc4d9a
Recipient 3:
  Public key: 87eb869e8995a278a9ed6955aad1497b01ca59e4916c12d97c78b4d639e4462e
  Private key: 21721bd66497a73b6d1478e8cb53a3aa1155c6e62b3f511f1f6751585aff5d25
Multiple recipient encryption succeeded
Ephemeral pubkey: b5d3720f719c8221d6b4e64371c253aad9c080c562b9e8fa55b459806e4f5f2b
Nonce: 58f709e6f531fea34ae51e6ce15a8d8028ecc8feeb54f476
Encrypted key 0:
  Key: 7f11a662ebb60f11967232ca4b7e58970573686ded7cf2dc99da3eb90ccf4623b5e48bdaacd90f36607e99e0d8e0f27f
  Nonce: 11bbc9ad66af49056feb39fa474578c795ded087b9bb42c5
Encrypted key 1:
  Key: 8535f2c4da813d73e10cbd8aeec1a8b2a1210b8d3f5cbcb6e8b9af174eecc1e6992e21ad0c9faa473b259414660a88d6
  Nonce: e35455d2666e6586f13c53ff455f50897547730c134f520b
Encrypted key 2:
  Key: 9a255a74cef25d08064f9d655624b4d6e25a08dab705a8c3c942a1ebb489fd85a8d207007a12a4765f47fcbfa44cacd5
  Nonce: dc8fb6a201cd9a8344e90ea7dfafb734b0b3af1f0a28ab38
Encrypted key 3:
  Key: 75dbbb2b682cfc00c351f53ed5cdbf08a1f4e4de0e62988146065a51d150ebc9565f0931d204b4f04267f516be7086d1
  Nonce: 990a981ef7ec443a5d53b59f971d99e3757bdde2c0402639

Decrypting with sender's private key:
Sender decryption verified: This is a test message for encryption
Recipient 1 decryption verified: This is a test message for encryption
Recipient 2 decryption verified: This is a test message for encryption
Recipient 3 decryption verified: This is a test message for encryption

Testing with a message that exceeds the size limit:
SUCCESS: Encryption of oversized message correctly failed
Test completed
<end of output>
Test time =   0.10 sec
----------------------------------------------------------
Test Passed.
"EncryptionTest" end time: Apr 11 22:50 MDT
"EncryptionTest" time elapsed: 00:00:00
----------------------------------------------------------

2/3 Testing: SigningTest
2/3 Test: SigningTest
Command: "/home/william/Documents/tinyweb/CTinyWeb/tinyweb_tests" "signing"
Directory: /home/william/Documents/tinyweb/CTinyWeb
"SigningTest" start time: Apr 11 22:50 MDT
Output:
----------------------------------------------------------
Running signing test...
Starting signing tests...
Test 1: Sign message... ✓ Passed
Test 2: Verify signature... ✓ Passed
Test 3: Verify tampered message... ✓ Passed (correctly rejected tampered message)

Signing test summary:
Total tests: 3
Passed: 3
Failed: 0
<end of output>
Test time =   0.05 sec
----------------------------------------------------------
Test Passed.
"SigningTest" end time: Apr 11 22:50 MDT
"SigningTest" time elapsed: 00:00:00
----------------------------------------------------------

3/3 Testing: BlockchainTest
3/3 Test: BlockchainTest
Command: "/home/william/Documents/tinyweb/CTinyWeb/tinyweb_tests" "blockchain"
Directory: /home/william/Documents/tinyweb/CTinyWeb
"BlockchainTest" start time: Apr 11 22:50 MDT
Output:
----------------------------------------------------------
Unknown test: blockchain
Available tests: encryption, signing
<end of output>
Test time =   0.00 sec
----------------------------------------------------------
Test Failed.
"BlockchainTest" end time: Apr 11 22:50 MDT
"BlockchainTest" time elapsed: 00:00:00
----------------------------------------------------------

End testing: Apr 11 22:50 MDT
